[0.881s] Invoking command in '/home/chinmay/Desktop/RobotAutonomy/src/my_turtlebot': PYTHONPATH=/home/chinmay/Desktop/RobotAutonomy/build/my_turtlebot/prefix_override:/home/chinmay/Desktop/RobotAutonomy/install/my_turtlebot/lib/python3.10/site-packages:${PYTHONPATH} /usr/bin/python3 -W ignore:setup.py install is deprecated setup.py egg_info --egg-base ../../build/my_turtlebot build --build-base /home/chinmay/Desktop/RobotAutonomy/build/my_turtlebot/build install --record /home/chinmay/Desktop/RobotAutonomy/build/my_turtlebot/install.log --single-version-externally-managed install_data
[1.117s] running egg_info
[1.118s] writing ../../build/my_turtlebot/my_turtlebot.egg-info/PKG-INFO
[1.118s] writing dependency_links to ../../build/my_turtlebot/my_turtlebot.egg-info/dependency_links.txt
[1.119s] writing entry points to ../../build/my_turtlebot/my_turtlebot.egg-info/entry_points.txt
[1.119s] writing requirements to ../../build/my_turtlebot/my_turtlebot.egg-info/requires.txt
[1.119s] writing top-level names to ../../build/my_turtlebot/my_turtlebot.egg-info/top_level.txt
[1.121s] reading manifest file '../../build/my_turtlebot/my_turtlebot.egg-info/SOURCES.txt'
[1.124s] writing manifest file '../../build/my_turtlebot/my_turtlebot.egg-info/SOURCES.txt'
[1.125s] running build
[1.125s] running build_py
[1.125s] running install
[1.125s] running install_lib
[1.126s] running install_data
[1.131s] running install_egg_info
[1.132s] removing '/home/chinmay/Desktop/RobotAutonomy/install/my_turtlebot/lib/python3.10/site-packages/my_turtlebot-0.0.0-py3.10.egg-info' (and everything under it)
[1.133s] Copying ../../build/my_turtlebot/my_turtlebot.egg-info to /home/chinmay/Desktop/RobotAutonomy/install/my_turtlebot/lib/python3.10/site-packages/my_turtlebot-0.0.0-py3.10.egg-info
[1.133s] running install_scripts
[1.154s] writing list of installed files to '/home/chinmay/Desktop/RobotAutonomy/build/my_turtlebot/install.log'
[1.187s] Invoked command in '/home/chinmay/Desktop/RobotAutonomy/src/my_turtlebot' returned '0': PYTHONPATH=/home/chinmay/Desktop/RobotAutonomy/build/my_turtlebot/prefix_override:/home/chinmay/Desktop/RobotAutonomy/install/my_turtlebot/lib/python3.10/site-packages:${PYTHONPATH} /usr/bin/python3 -W ignore:setup.py install is deprecated setup.py egg_info --egg-base ../../build/my_turtlebot build --build-base /home/chinmay/Desktop/RobotAutonomy/build/my_turtlebot/build install --record /home/chinmay/Desktop/RobotAutonomy/build/my_turtlebot/install.log --single-version-externally-managed install_data
