[0.773s] Invoking command in '/home/chinmay/Desktop/RobotAutonomy/src/my_turtlebot': PYTHONPATH=/home/chinmay/Desktop/RobotAutonomy/build/my_turtlebot/prefix_override:/home/chinmay/Desktop/RobotAutonomy/install/my_turtlebot/lib/python3.10/site-packages:${PYTHONPATH} /usr/bin/python3 -W ignore:setup.py install is deprecated setup.py egg_info --egg-base ../../build/my_turtlebot build --build-base /home/chinmay/Desktop/RobotAutonomy/build/my_turtlebot/build install --record /home/chinmay/Desktop/RobotAutonomy/build/my_turtlebot/install.log --single-version-externally-managed install_data
[0.984s] running egg_info
[0.985s] writing ../../build/my_turtlebot/my_turtlebot.egg-info/PKG-INFO
[0.985s] writing dependency_links to ../../build/my_turtlebot/my_turtlebot.egg-info/dependency_links.txt
[0.985s] writing entry points to ../../build/my_turtlebot/my_turtlebot.egg-info/entry_points.txt
[0.985s] writing requirements to ../../build/my_turtlebot/my_turtlebot.egg-info/requires.txt
[0.985s] writing top-level names to ../../build/my_turtlebot/my_turtlebot.egg-info/top_level.txt
[0.988s] reading manifest file '../../build/my_turtlebot/my_turtlebot.egg-info/SOURCES.txt'
[0.991s] writing manifest file '../../build/my_turtlebot/my_turtlebot.egg-info/SOURCES.txt'
[0.991s] running build
[0.991s] running build_py
[0.991s] running install
[0.991s] running install_lib
[0.992s] running install_data
[0.997s] running install_egg_info
[0.998s] removing '/home/chinmay/Desktop/RobotAutonomy/install/my_turtlebot/lib/python3.10/site-packages/my_turtlebot-0.0.0-py3.10.egg-info' (and everything under it)
[0.999s] Copying ../../build/my_turtlebot/my_turtlebot.egg-info to /home/chinmay/Desktop/RobotAutonomy/install/my_turtlebot/lib/python3.10/site-packages/my_turtlebot-0.0.0-py3.10.egg-info
[1.000s] running install_scripts
[1.018s] writing list of installed files to '/home/chinmay/Desktop/RobotAutonomy/build/my_turtlebot/install.log'
[1.050s] Invoked command in '/home/chinmay/Desktop/RobotAutonomy/src/my_turtlebot' returned '0': PYTHONPATH=/home/chinmay/Desktop/RobotAutonomy/build/my_turtlebot/prefix_override:/home/chinmay/Desktop/RobotAutonomy/install/my_turtlebot/lib/python3.10/site-packages:${PYTHONPATH} /usr/bin/python3 -W ignore:setup.py install is deprecated setup.py egg_info --egg-base ../../build/my_turtlebot build --build-base /home/chinmay/Desktop/RobotAutonomy/build/my_turtlebot/build install --record /home/chinmay/Desktop/RobotAutonomy/build/my_turtlebot/install.log --single-version-externally-managed install_data
