[0.814s] Invoking command in '/home/chinmay/Desktop/RobotAutonomy/src/localization': PYTHONPATH=/home/chinmay/Desktop/RobotAutonomy/build/localization/prefix_override:/home/chinmay/Desktop/RobotAutonomy/install/localization/lib/python3.10/site-packages:${PYTHONPATH} /usr/bin/python3 -W ignore:setup.py install is deprecated setup.py egg_info --egg-base ../../build/localization build --build-base /home/chinmay/Desktop/RobotAutonomy/build/localization/build install --record /home/chinmay/Desktop/RobotAutonomy/build/localization/install.log --single-version-externally-managed install_data
[1.036s] running egg_info
[1.037s] writing ../../build/localization/localization.egg-info/PKG-INFO
[1.037s] writing dependency_links to ../../build/localization/localization.egg-info/dependency_links.txt
[1.037s] writing entry points to ../../build/localization/localization.egg-info/entry_points.txt
[1.037s] writing requirements to ../../build/localization/localization.egg-info/requires.txt
[1.037s] writing top-level names to ../../build/localization/localization.egg-info/top_level.txt
[1.039s] reading manifest file '../../build/localization/localization.egg-info/SOURCES.txt'
[1.040s] writing manifest file '../../build/localization/localization.egg-info/SOURCES.txt'
[1.040s] running build
[1.040s] running build_py
[1.040s] copying localization/enhanced_odometry.py -> /home/chinmay/Desktop/RobotAutonomy/build/localization/build/lib/localization
[1.040s] running install
[1.041s] running install_lib
[1.041s] copying /home/chinmay/Desktop/RobotAutonomy/build/localization/build/lib/localization/enhanced_odometry.py -> /home/chinmay/Desktop/RobotAutonomy/install/localization/lib/python3.10/site-packages/localization
[1.042s] byte-compiling /home/chinmay/Desktop/RobotAutonomy/install/localization/lib/python3.10/site-packages/localization/enhanced_odometry.py to enhanced_odometry.cpython-310.pyc
[1.042s] Sorry: TabError: inconsistent use of tabs and spaces in indentation (enhanced_odometry.py, line 59)
[1.042s] running install_data
[1.042s] running install_egg_info
[1.043s] removing '/home/chinmay/Desktop/RobotAutonomy/install/localization/lib/python3.10/site-packages/localization-0.0.0-py3.10.egg-info' (and everything under it)
[1.044s] Copying ../../build/localization/localization.egg-info to /home/chinmay/Desktop/RobotAutonomy/install/localization/lib/python3.10/site-packages/localization-0.0.0-py3.10.egg-info
[1.045s] running install_scripts
[1.062s] Installing fused_odom script to /home/chinmay/Desktop/RobotAutonomy/install/localization/lib/localization
[1.062s] Installing odometry_node script to /home/chinmay/Desktop/RobotAutonomy/install/localization/lib/localization
[1.062s] writing list of installed files to '/home/chinmay/Desktop/RobotAutonomy/build/localization/install.log'
[1.097s] Invoked command in '/home/chinmay/Desktop/RobotAutonomy/src/localization' returned '0': PYTHONPATH=/home/chinmay/Desktop/RobotAutonomy/build/localization/prefix_override:/home/chinmay/Desktop/RobotAutonomy/install/localization/lib/python3.10/site-packages:${PYTHONPATH} /usr/bin/python3 -W ignore:setup.py install is deprecated setup.py egg_info --egg-base ../../build/localization build --build-base /home/chinmay/Desktop/RobotAutonomy/build/localization/build install --record /home/chinmay/Desktop/RobotAutonomy/build/localization/install.log --single-version-externally-managed install_data
