[0.701s] Invoking command in '/home/chinmay/Desktop/RobotAutonomy/src/my_turtlebot': PYTHONPATH=/home/chinmay/Desktop/RobotAutonomy/build/my_turtlebot/prefix_override:/home/chinmay/Desktop/RobotAutonomy/install/my_turtlebot/lib/python3.10/site-packages:${PYTHONPATH} /usr/bin/python3 -W ignore:setup.py install is deprecated setup.py egg_info --egg-base ../../build/my_turtlebot build --build-base /home/chinmay/Desktop/RobotAutonomy/build/my_turtlebot/build install --record /home/chinmay/Desktop/RobotAutonomy/build/my_turtlebot/install.log --single-version-externally-managed install_data
[0.894s] running egg_info
[0.894s] writing ../../build/my_turtlebot/my_turtlebot.egg-info/PKG-INFO
[0.894s] writing dependency_links to ../../build/my_turtlebot/my_turtlebot.egg-info/dependency_links.txt
[0.894s] writing entry points to ../../build/my_turtlebot/my_turtlebot.egg-info/entry_points.txt
[0.895s] writing requirements to ../../build/my_turtlebot/my_turtlebot.egg-info/requires.txt
[0.895s] writing top-level names to ../../build/my_turtlebot/my_turtlebot.egg-info/top_level.txt
[0.897s] reading manifest file '../../build/my_turtlebot/my_turtlebot.egg-info/SOURCES.txt'
[0.899s] writing manifest file '../../build/my_turtlebot/my_turtlebot.egg-info/SOURCES.txt'
[0.899s] running build
[0.899s] running build_py
[0.900s] running install
[0.900s] running install_lib
[0.901s] running install_data
[0.905s] running install_egg_info
[0.906s] removing '/home/chinmay/Desktop/RobotAutonomy/install/my_turtlebot/lib/python3.10/site-packages/my_turtlebot-0.0.0-py3.10.egg-info' (and everything under it)
[0.906s] Copying ../../build/my_turtlebot/my_turtlebot.egg-info to /home/chinmay/Desktop/RobotAutonomy/install/my_turtlebot/lib/python3.10/site-packages/my_turtlebot-0.0.0-py3.10.egg-info
[0.907s] running install_scripts
[0.922s] writing list of installed files to '/home/chinmay/Desktop/RobotAutonomy/build/my_turtlebot/install.log'
[0.943s] Invoked command in '/home/chinmay/Desktop/RobotAutonomy/src/my_turtlebot' returned '0': PYTHONPATH=/home/chinmay/Desktop/RobotAutonomy/build/my_turtlebot/prefix_override:/home/chinmay/Desktop/RobotAutonomy/install/my_turtlebot/lib/python3.10/site-packages:${PYTHONPATH} /usr/bin/python3 -W ignore:setup.py install is deprecated setup.py egg_info --egg-base ../../build/my_turtlebot build --build-base /home/chinmay/Desktop/RobotAutonomy/build/my_turtlebot/build install --record /home/chinmay/Desktop/RobotAutonomy/build/my_turtlebot/install.log --single-version-externally-managed install_data
