[0.524s] Invoking command in '/home/chinmay/Desktop/RobotAutonomy/src/localization': PYTHONPATH=/home/chinmay/Desktop/RobotAutonomy/build/localization/prefix_override:/home/chinmay/Desktop/RobotAutonomy/install/localization/lib/python3.10/site-packages:${PYTHONPATH} /usr/bin/python3 -W ignore:setup.py install is deprecated setup.py egg_info --egg-base ../../build/localization build --build-base /home/chinmay/Desktop/RobotAutonomy/build/localization/build install --record /home/chinmay/Desktop/RobotAutonomy/build/localization/install.log --single-version-externally-managed install_data
[0.726s] running egg_info
[0.727s] writing ../../build/localization/localization.egg-info/PKG-INFO
[0.727s] writing dependency_links to ../../build/localization/localization.egg-info/dependency_links.txt
[0.727s] writing entry points to ../../build/localization/localization.egg-info/entry_points.txt
[0.727s] writing requirements to ../../build/localization/localization.egg-info/requires.txt
[0.727s] writing top-level names to ../../build/localization/localization.egg-info/top_level.txt
[0.728s] reading manifest file '../../build/localization/localization.egg-info/SOURCES.txt'
[0.735s] writing manifest file '../../build/localization/localization.egg-info/SOURCES.txt'
[0.735s] running build
[0.736s] running build_py
[0.736s] copying localization/odometry_node.py -> /home/chinmay/Desktop/RobotAutonomy/build/localization/build/lib/localization
[0.736s] running install
[0.736s] running install_lib
[0.737s] copying /home/chinmay/Desktop/RobotAutonomy/build/localization/build/lib/localization/odometry_node.py -> /home/chinmay/Desktop/RobotAutonomy/install/localization/lib/python3.10/site-packages/localization
[0.737s] byte-compiling /home/chinmay/Desktop/RobotAutonomy/install/localization/lib/python3.10/site-packages/localization/odometry_node.py to odometry_node.cpython-310.pyc
[0.738s]   File "/home/chinmay/Desktop/RobotAutonomy/install/localization/lib/python3.10/site-packages/localization/odometry_node.py", line 68
[0.738s]     Broadcast the transform
[0.738s]               ^^^
[0.738s] SyntaxError: invalid syntax
[0.738s] 
[0.738s] running install_data
[0.738s] running install_egg_info
[0.739s] removing '/home/chinmay/Desktop/RobotAutonomy/install/localization/lib/python3.10/site-packages/localization-0.0.0-py3.10.egg-info' (and everything under it)
[0.739s] Copying ../../build/localization/localization.egg-info to /home/chinmay/Desktop/RobotAutonomy/install/localization/lib/python3.10/site-packages/localization-0.0.0-py3.10.egg-info
[0.740s] running install_scripts
[0.756s] Installing fused_odom script to /home/chinmay/Desktop/RobotAutonomy/install/localization/lib/localization
[0.756s] Installing odometry_node script to /home/chinmay/Desktop/RobotAutonomy/install/localization/lib/localization
[0.757s] writing list of installed files to '/home/chinmay/Desktop/RobotAutonomy/build/localization/install.log'
[0.775s] Invoked command in '/home/chinmay/Desktop/RobotAutonomy/src/localization' returned '0': PYTHONPATH=/home/chinmay/Desktop/RobotAutonomy/build/localization/prefix_override:/home/chinmay/Desktop/RobotAutonomy/install/localization/lib/python3.10/site-packages:${PYTHONPATH} /usr/bin/python3 -W ignore:setup.py install is deprecated setup.py egg_info --egg-base ../../build/localization build --build-base /home/chinmay/Desktop/RobotAutonomy/build/localization/build install --record /home/chinmay/Desktop/RobotAutonomy/build/localization/install.log --single-version-externally-managed install_data
