[0.509s] Invoking command in '/home/chinmay/Desktop/RobotAutonomy': PYTHONPATH=/home/chinmay/Desktop/RobotAutonomy/build/my_turtlebot/prefix_override:/home/chinmay/Desktop/RobotAutonomy/install/my_turtlebot/lib/python3.10/site-packages:${PYTHONPATH} /usr/bin/python3 -W ignore:setup.py install is deprecated setup.py egg_info --egg-base build/my_turtlebot build --build-base /home/chinmay/Desktop/RobotAutonomy/build/my_turtlebot/build install --record /home/chinmay/Desktop/RobotAutonomy/build/my_turtlebot/install.log --single-version-externally-managed install_data
[0.709s] running egg_info
[0.709s] writing build/my_turtlebot/my_turtlebot.egg-info/PKG-INFO
[0.709s] writing dependency_links to build/my_turtlebot/my_turtlebot.egg-info/dependency_links.txt
[0.709s] writing entry points to build/my_turtlebot/my_turtlebot.egg-info/entry_points.txt
[0.709s] writing requirements to build/my_turtlebot/my_turtlebot.egg-info/requires.txt
[0.709s] writing top-level names to build/my_turtlebot/my_turtlebot.egg-info/top_level.txt
[0.712s] reading manifest file 'build/my_turtlebot/my_turtlebot.egg-info/SOURCES.txt'
[0.714s] writing manifest file 'build/my_turtlebot/my_turtlebot.egg-info/SOURCES.txt'
[0.714s] running build
[0.714s] running build_py
[0.715s] running install
[0.715s] running install_lib
[0.716s] running install_data
[0.720s] running install_egg_info
[0.721s] removing '/home/chinmay/Desktop/RobotAutonomy/install/my_turtlebot/lib/python3.10/site-packages/my_turtlebot-0.0.0-py3.10.egg-info' (and everything under it)
[0.721s] Copying build/my_turtlebot/my_turtlebot.egg-info to /home/chinmay/Desktop/RobotAutonomy/install/my_turtlebot/lib/python3.10/site-packages/my_turtlebot-0.0.0-py3.10.egg-info
[0.722s] running install_scripts
[0.737s] writing list of installed files to '/home/chinmay/Desktop/RobotAutonomy/build/my_turtlebot/install.log'
[0.756s] Invoked command in '/home/chinmay/Desktop/RobotAutonomy' returned '0': PYTHONPATH=/home/chinmay/Desktop/RobotAutonomy/build/my_turtlebot/prefix_override:/home/chinmay/Desktop/RobotAutonomy/install/my_turtlebot/lib/python3.10/site-packages:${PYTHONPATH} /usr/bin/python3 -W ignore:setup.py install is deprecated setup.py egg_info --egg-base build/my_turtlebot build --build-base /home/chinmay/Desktop/RobotAutonomy/build/my_turtlebot/build install --record /home/chinmay/Desktop/RobotAutonomy/build/my_turtlebot/install.log --single-version-externally-managed install_data
