[0.818s] Invoking command in '/home/chinmay/Desktop/RobotAutonomy/src/my_turtlebot': PYTHONPATH=/home/chinmay/Desktop/RobotAutonomy/build/my_turtlebot/prefix_override:/home/chinmay/Desktop/RobotAutonomy/install/my_turtlebot/lib/python3.10/site-packages:${PYTHONPATH} /usr/bin/python3 -W ignore:setup.py install is deprecated setup.py egg_info --egg-base ../../build/my_turtlebot build --build-base /home/chinmay/Desktop/RobotAutonomy/build/my_turtlebot/build install --record /home/chinmay/Desktop/RobotAutonomy/build/my_turtlebot/install.log --single-version-externally-managed install_data
[1.047s] running egg_info
[1.047s] writing ../../build/my_turtlebot/my_turtlebot.egg-info/PKG-INFO
[1.047s] writing dependency_links to ../../build/my_turtlebot/my_turtlebot.egg-info/dependency_links.txt
[1.047s] writing entry points to ../../build/my_turtlebot/my_turtlebot.egg-info/entry_points.txt
[1.048s] writing requirements to ../../build/my_turtlebot/my_turtlebot.egg-info/requires.txt
[1.048s] writing top-level names to ../../build/my_turtlebot/my_turtlebot.egg-info/top_level.txt
[1.050s] reading manifest file '../../build/my_turtlebot/my_turtlebot.egg-info/SOURCES.txt'
[1.053s] writing manifest file '../../build/my_turtlebot/my_turtlebot.egg-info/SOURCES.txt'
[1.053s] running build
[1.053s] running build_py
[1.053s] running install
[1.053s] running install_lib
[1.054s] running install_data
[1.059s] running install_egg_info
[1.061s] removing '/home/chinmay/Desktop/RobotAutonomy/install/my_turtlebot/lib/python3.10/site-packages/my_turtlebot-0.0.0-py3.10.egg-info' (and everything under it)
[1.061s] Copying ../../build/my_turtlebot/my_turtlebot.egg-info to /home/chinmay/Desktop/RobotAutonomy/install/my_turtlebot/lib/python3.10/site-packages/my_turtlebot-0.0.0-py3.10.egg-info
[1.062s] running install_scripts
[1.081s] writing list of installed files to '/home/chinmay/Desktop/RobotAutonomy/build/my_turtlebot/install.log'
[1.106s] Invoked command in '/home/chinmay/Desktop/RobotAutonomy/src/my_turtlebot' returned '0': PYTHONPATH=/home/chinmay/Desktop/RobotAutonomy/build/my_turtlebot/prefix_override:/home/chinmay/Desktop/RobotAutonomy/install/my_turtlebot/lib/python3.10/site-packages:${PYTHONPATH} /usr/bin/python3 -W ignore:setup.py install is deprecated setup.py egg_info --egg-base ../../build/my_turtlebot build --build-base /home/chinmay/Desktop/RobotAutonomy/build/my_turtlebot/build install --record /home/chinmay/Desktop/RobotAutonomy/build/my_turtlebot/install.log --single-version-externally-managed install_data
