[0.752s] Invoking command in '/home/chinmay/Desktop/RobotAutonomy/src/localization': PYTHONPATH=/home/chinmay/Desktop/RobotAutonomy/build/localization/prefix_override:/home/chinmay/Desktop/RobotAutonomy/install/localization/lib/python3.10/site-packages:${PYTHONPATH} /usr/bin/python3 -W ignore:setup.py install is deprecated setup.py egg_info --egg-base ../../build/localization build --build-base /home/chinmay/Desktop/RobotAutonomy/build/localization/build install --record /home/chinmay/Desktop/RobotAutonomy/build/localization/install.log --single-version-externally-managed install_data
[0.948s] running egg_info
[0.948s] writing ../../build/localization/localization.egg-info/PKG-INFO
[0.948s] writing dependency_links to ../../build/localization/localization.egg-info/dependency_links.txt
[0.948s] writing entry points to ../../build/localization/localization.egg-info/entry_points.txt
[0.948s] writing requirements to ../../build/localization/localization.egg-info/requires.txt
[0.948s] writing top-level names to ../../build/localization/localization.egg-info/top_level.txt
[0.949s] reading manifest file '../../build/localization/localization.egg-info/SOURCES.txt'
[0.950s] writing manifest file '../../build/localization/localization.egg-info/SOURCES.txt'
[0.950s] running build
[0.950s] running build_py
[0.951s] copying localization/enhanced_odometry.py -> /home/chinmay/Desktop/RobotAutonomy/build/localization/build/lib/localization
[0.951s] copying localization/__init__.py -> /home/chinmay/Desktop/RobotAutonomy/build/localization/build/lib/localization
[0.951s] copying localization/odometry_node.py -> /home/chinmay/Desktop/RobotAutonomy/build/localization/build/lib/localization
[0.951s] running install
[0.951s] running install_lib
[0.952s] copying /home/chinmay/Desktop/RobotAutonomy/build/localization/build/lib/localization/enhanced_odometry.py -> /home/chinmay/Desktop/RobotAutonomy/install/localization/lib/python3.10/site-packages/localization
[0.952s] copying /home/chinmay/Desktop/RobotAutonomy/build/localization/build/lib/localization/__init__.py -> /home/chinmay/Desktop/RobotAutonomy/install/localization/lib/python3.10/site-packages/localization
[0.952s] copying /home/chinmay/Desktop/RobotAutonomy/build/localization/build/lib/localization/odometry_node.py -> /home/chinmay/Desktop/RobotAutonomy/install/localization/lib/python3.10/site-packages/localization
[0.952s] byte-compiling /home/chinmay/Desktop/RobotAutonomy/install/localization/lib/python3.10/site-packages/localization/enhanced_odometry.py to enhanced_odometry.cpython-310.pyc
[0.954s] running install_data
[0.954s] copying resource/localization -> /home/chinmay/Desktop/RobotAutonomy/install/localization/share/ament_index/resource_index/packages
[0.954s] copying package.xml -> /home/chinmay/Desktop/RobotAutonomy/install/localization/share/localization
[0.954s] running install_egg_info
[0.955s] removing '/home/chinmay/Desktop/RobotAutonomy/install/localization/lib/python3.10/site-packages/localization-0.0.0-py3.10.egg-info' (and everything under it)
[0.956s] Copying ../../build/localization/localization.egg-info to /home/chinmay/Desktop/RobotAutonomy/install/localization/lib/python3.10/site-packages/localization-0.0.0-py3.10.egg-info
[0.957s] running install_scripts
[0.972s] Installing fused_odom script to /home/chinmay/Desktop/RobotAutonomy/install/localization/lib/localization
[0.972s] Installing odometry_node script to /home/chinmay/Desktop/RobotAutonomy/install/localization/lib/localization
[0.973s] writing list of installed files to '/home/chinmay/Desktop/RobotAutonomy/build/localization/install.log'
[0.996s] Invoked command in '/home/chinmay/Desktop/RobotAutonomy/src/localization' returned '0': PYTHONPATH=/home/chinmay/Desktop/RobotAutonomy/build/localization/prefix_override:/home/chinmay/Desktop/RobotAutonomy/install/localization/lib/python3.10/site-packages:${PYTHONPATH} /usr/bin/python3 -W ignore:setup.py install is deprecated setup.py egg_info --egg-base ../../build/localization build --build-base /home/chinmay/Desktop/RobotAutonomy/build/localization/build install --record /home/chinmay/Desktop/RobotAutonomy/build/localization/install.log --single-version-externally-managed install_data
