[0.769s] Invoking command in '/home/chinmay/Desktop/RobotAutonomy/src/localization': PYTHONPATH=/home/chinmay/Desktop/RobotAutonomy/build/localization/prefix_override:/home/chinmay/Desktop/RobotAutonomy/install/localization/lib/python3.10/site-packages:${PYTHONPATH} /usr/bin/python3 -W ignore:setup.py install is deprecated setup.py egg_info --egg-base ../../build/localization build --build-base /home/chinmay/Desktop/RobotAutonomy/build/localization/build install --record /home/chinmay/Desktop/RobotAutonomy/build/localization/install.log --single-version-externally-managed install_data
[0.986s] running egg_info
[0.987s] writing ../../build/localization/localization.egg-info/PKG-INFO
[0.987s] writing dependency_links to ../../build/localization/localization.egg-info/dependency_links.txt
[0.987s] writing entry points to ../../build/localization/localization.egg-info/entry_points.txt
[0.987s] writing requirements to ../../build/localization/localization.egg-info/requires.txt
[0.987s] writing top-level names to ../../build/localization/localization.egg-info/top_level.txt
[0.989s] reading manifest file '../../build/localization/localization.egg-info/SOURCES.txt'
[0.989s] writing manifest file '../../build/localization/localization.egg-info/SOURCES.txt'
[0.989s] running build
[0.989s] running build_py
[0.990s] running install
[0.990s] running install_lib
[0.991s] running install_data
[0.991s] running install_egg_info
[0.992s] removing '/home/chinmay/Desktop/RobotAutonomy/install/localization/lib/python3.10/site-packages/localization-0.0.0-py3.10.egg-info' (and everything under it)
[0.992s] Copying ../../build/localization/localization.egg-info to /home/chinmay/Desktop/RobotAutonomy/install/localization/lib/python3.10/site-packages/localization-0.0.0-py3.10.egg-info
[0.993s] running install_scripts
[1.009s] Installing fused_odom script to /home/chinmay/Desktop/RobotAutonomy/install/localization/lib/localization
[1.009s] Installing odometry_node script to /home/chinmay/Desktop/RobotAutonomy/install/localization/lib/localization
[1.009s] writing list of installed files to '/home/chinmay/Desktop/RobotAutonomy/build/localization/install.log'
[1.034s] Invoked command in '/home/chinmay/Desktop/RobotAutonomy/src/localization' returned '0': PYTHONPATH=/home/chinmay/Desktop/RobotAutonomy/build/localization/prefix_override:/home/chinmay/Desktop/RobotAutonomy/install/localization/lib/python3.10/site-packages:${PYTHONPATH} /usr/bin/python3 -W ignore:setup.py install is deprecated setup.py egg_info --egg-base ../../build/localization build --build-base /home/chinmay/Desktop/RobotAutonomy/build/localization/build install --record /home/chinmay/Desktop/RobotAutonomy/build/localization/install.log --single-version-externally-managed install_data
