[0.739s] Invoking command in '/home/chinmay/Desktop/RobotAutonomy/src/localization': PYTHONPATH=/home/chinmay/Desktop/RobotAutonomy/build/localization/prefix_override:/home/chinmay/Desktop/RobotAutonomy/install/localization/lib/python3.10/site-packages:${PYTHONPATH} /usr/bin/python3 -W ignore:setup.py install is deprecated setup.py egg_info --egg-base ../../build/localization build --build-base /home/chinmay/Desktop/RobotAutonomy/build/localization/build install --record /home/chinmay/Desktop/RobotAutonomy/build/localization/install.log --single-version-externally-managed install_data
[0.930s] running egg_info
[0.931s] writing ../../build/localization/localization.egg-info/PKG-INFO
[0.931s] writing dependency_links to ../../build/localization/localization.egg-info/dependency_links.txt
[0.931s] writing entry points to ../../build/localization/localization.egg-info/entry_points.txt
[0.931s] writing requirements to ../../build/localization/localization.egg-info/requires.txt
[0.931s] writing top-level names to ../../build/localization/localization.egg-info/top_level.txt
[0.932s] reading manifest file '../../build/localization/localization.egg-info/SOURCES.txt'
[0.933s] writing manifest file '../../build/localization/localization.egg-info/SOURCES.txt'
[0.933s] running build
[0.933s] running build_py
[0.933s] copying localization/enhanced_odometry.py -> /home/chinmay/Desktop/RobotAutonomy/build/localization/build/lib/localization
[0.934s] copying localization/odometry_node.py -> /home/chinmay/Desktop/RobotAutonomy/build/localization/build/lib/localization
[0.934s] running install
[0.934s] running install_lib
[0.935s] copying /home/chinmay/Desktop/RobotAutonomy/build/localization/build/lib/localization/enhanced_odometry.py -> /home/chinmay/Desktop/RobotAutonomy/install/localization/lib/python3.10/site-packages/localization
[0.935s] copying /home/chinmay/Desktop/RobotAutonomy/build/localization/build/lib/localization/odometry_node.py -> /home/chinmay/Desktop/RobotAutonomy/install/localization/lib/python3.10/site-packages/localization
[0.935s] byte-compiling /home/chinmay/Desktop/RobotAutonomy/install/localization/lib/python3.10/site-packages/localization/enhanced_odometry.py to enhanced_odometry.cpython-310.pyc
[0.936s] byte-compiling /home/chinmay/Desktop/RobotAutonomy/install/localization/lib/python3.10/site-packages/localization/odometry_node.py to odometry_node.cpython-310.pyc
[0.937s] running install_data
[0.937s] running install_egg_info
[0.938s] removing '/home/chinmay/Desktop/RobotAutonomy/install/localization/lib/python3.10/site-packages/localization-0.0.0-py3.10.egg-info' (and everything under it)
[0.938s] Copying ../../build/localization/localization.egg-info to /home/chinmay/Desktop/RobotAutonomy/install/localization/lib/python3.10/site-packages/localization-0.0.0-py3.10.egg-info
[0.939s] running install_scripts
[0.955s] Installing fused_odom script to /home/chinmay/Desktop/RobotAutonomy/install/localization/lib/localization
[0.955s] Installing odometry_node script to /home/chinmay/Desktop/RobotAutonomy/install/localization/lib/localization
[0.955s] writing list of installed files to '/home/chinmay/Desktop/RobotAutonomy/build/localization/install.log'
[0.975s] Invoked command in '/home/chinmay/Desktop/RobotAutonomy/src/localization' returned '0': PYTHONPATH=/home/chinmay/Desktop/RobotAutonomy/build/localization/prefix_override:/home/chinmay/Desktop/RobotAutonomy/install/localization/lib/python3.10/site-packages:${PYTHONPATH} /usr/bin/python3 -W ignore:setup.py install is deprecated setup.py egg_info --egg-base ../../build/localization build --build-base /home/chinmay/Desktop/RobotAutonomy/build/localization/build install --record /home/chinmay/Desktop/RobotAutonomy/build/localization/install.log --single-version-externally-managed install_data
