[0.110s] DEBUG:colcon:Command line arguments: ['/home/chinmay/.local/bin/colcon', 'build']
[0.111s] DEBUG:colcon:Parsed command line arguments: Namespace(log_base=None, log_level=None, verb_name='build', build_base='build', install_base='install', merge_install=False, symlink_install=False, test_result_base=None, continue_on_error=False, executor='parallel', parallel_workers=16, event_handlers=None, ignore_user_meta=False, metas=['./colcon.meta'], base_paths=['.'], packages_ignore=None, packages_ignore_regex=None, paths=None, packages_up_to=None, packages_up_to_regex=None, packages_above=None, packages_above_and_dependencies=None, packages_above_depth=None, packages_select_by_dep=None, packages_skip_by_dep=None, packages_skip_up_to=None, packages_select_build_failed=False, packages_skip_build_finished=False, packages_select_test_failures=False, packages_skip_test_passed=False, packages_select=None, packages_skip=None, packages_select_regex=None, packages_skip_regex=None, packages_start=None, packages_end=None, allow_overriding=[], cmake_args=None, cmake_target=None, cmake_target_skip_unavailable=False, cmake_clean_cache=False, cmake_clean_first=False, cmake_force_configure=False, ament_cmake_args=None, catkin_cmake_args=None, catkin_skip_building_tests=False, verb_parser=<colcon_defaults.argument_parser.defaults.DefaultArgumentsDecorator object at 0x7d159faf6d70>, verb_extension=<colcon_core.verb.build.BuildVerb object at 0x7d159fa6b220>, main=<bound method BuildVerb.main of <colcon_core.verb.build.BuildVerb object at 0x7d159fa6b220>>)
[0.250s] Level 1:colcon.colcon_core.package_discovery:discover_packages(colcon_meta) check parameters
[0.250s] Level 1:colcon.colcon_core.package_discovery:discover_packages(recursive) check parameters
[0.251s] Level 1:colcon.colcon_core.package_discovery:discover_packages(ignore) check parameters
[0.251s] Level 1:colcon.colcon_core.package_discovery:discover_packages(path) check parameters
[0.251s] Level 1:colcon.colcon_core.package_discovery:discover_packages(colcon_meta) discover
[0.251s] Level 1:colcon.colcon_core.package_discovery:discover_packages(recursive) discover
[0.251s] INFO:colcon.colcon_core.package_discovery:Crawling recursively for packages in '/home/chinmay/Desktop/RobotAutonomy'
[0.251s] Level 1:colcon.colcon_core.package_identification:_identify(.) by extensions ['ignore', 'ignore_ament_install']
[0.251s] Level 1:colcon.colcon_core.package_identification:_identify(.) by extension 'ignore'
[0.251s] Level 1:colcon.colcon_core.package_identification:_identify(.) by extension 'ignore_ament_install'
[0.251s] Level 1:colcon.colcon_core.package_identification:_identify(.) by extensions ['colcon_pkg']
[0.251s] Level 1:colcon.colcon_core.package_identification:_identify(.) by extension 'colcon_pkg'
[0.251s] Level 1:colcon.colcon_core.package_identification:_identify(.) by extensions ['colcon_meta']
[0.251s] Level 1:colcon.colcon_core.package_identification:_identify(.) by extension 'colcon_meta'
[0.251s] Level 1:colcon.colcon_core.package_identification:_identify(.) by extensions ['ros']
[0.251s] Level 1:colcon.colcon_core.package_identification:_identify(.) by extension 'ros'
[0.261s] Level 1:colcon.colcon_core.package_identification:_identify(.) by extensions ['cmake', 'python']
[0.261s] Level 1:colcon.colcon_core.package_identification:_identify(.) by extension 'cmake'
[0.261s] Level 1:colcon.colcon_core.package_identification:_identify(.) by extension 'python'
[0.261s] Level 1:colcon.colcon_core.package_identification:_identify(.) by extensions ['python_setup_py']
[0.261s] Level 1:colcon.colcon_core.package_identification:_identify(.) by extension 'python_setup_py'
[0.261s] Level 1:colcon.colcon_core.package_identification:_identify(build) by extensions ['ignore', 'ignore_ament_install']
[0.261s] Level 1:colcon.colcon_core.package_identification:_identify(build) by extension 'ignore'
[0.261s] Level 1:colcon.colcon_core.package_identification:_identify(build) ignored
[0.261s] Level 1:colcon.colcon_core.package_identification:_identify(install) by extensions ['ignore', 'ignore_ament_install']
[0.261s] Level 1:colcon.colcon_core.package_identification:_identify(install) by extension 'ignore'
[0.261s] Level 1:colcon.colcon_core.package_identification:_identify(install) ignored
[0.262s] Level 1:colcon.colcon_core.package_identification:_identify(log) by extensions ['ignore', 'ignore_ament_install']
[0.262s] Level 1:colcon.colcon_core.package_identification:_identify(log) by extension 'ignore'
[0.262s] Level 1:colcon.colcon_core.package_identification:_identify(log) ignored
[0.262s] Level 1:colcon.colcon_core.package_identification:_identify(src) by extensions ['ignore', 'ignore_ament_install']
[0.262s] Level 1:colcon.colcon_core.package_identification:_identify(src) by extension 'ignore'
[0.262s] Level 1:colcon.colcon_core.package_identification:_identify(src) by extension 'ignore_ament_install'
[0.262s] Level 1:colcon.colcon_core.package_identification:_identify(src) by extensions ['colcon_pkg']
[0.262s] Level 1:colcon.colcon_core.package_identification:_identify(src) by extension 'colcon_pkg'
[0.262s] Level 1:colcon.colcon_core.package_identification:_identify(src) by extensions ['colcon_meta']
[0.262s] Level 1:colcon.colcon_core.package_identification:_identify(src) by extension 'colcon_meta'
[0.262s] Level 1:colcon.colcon_core.package_identification:_identify(src) by extensions ['ros']
[0.262s] Level 1:colcon.colcon_core.package_identification:_identify(src) by extension 'ros'
[0.262s] Level 1:colcon.colcon_core.package_identification:_identify(src) by extensions ['cmake', 'python']
[0.262s] Level 1:colcon.colcon_core.package_identification:_identify(src) by extension 'cmake'
[0.262s] Level 1:colcon.colcon_core.package_identification:_identify(src) by extension 'python'
[0.262s] Level 1:colcon.colcon_core.package_identification:_identify(src) by extensions ['python_setup_py']
[0.262s] Level 1:colcon.colcon_core.package_identification:_identify(src) by extension 'python_setup_py'
[0.262s] Level 1:colcon.colcon_core.package_identification:_identify(src/localization) by extensions ['ignore', 'ignore_ament_install']
[0.262s] Level 1:colcon.colcon_core.package_identification:_identify(src/localization) by extension 'ignore'
[0.262s] Level 1:colcon.colcon_core.package_identification:_identify(src/localization) by extension 'ignore_ament_install'
[0.262s] Level 1:colcon.colcon_core.package_identification:_identify(src/localization) by extensions ['colcon_pkg']
[0.263s] Level 1:colcon.colcon_core.package_identification:_identify(src/localization) by extension 'colcon_pkg'
[0.263s] Level 1:colcon.colcon_core.package_identification:_identify(src/localization) by extensions ['colcon_meta']
[0.263s] Level 1:colcon.colcon_core.package_identification:_identify(src/localization) by extension 'colcon_meta'
[0.263s] Level 1:colcon.colcon_core.package_identification:_identify(src/localization) by extensions ['ros']
[0.263s] Level 1:colcon.colcon_core.package_identification:_identify(src/localization) by extension 'ros'
[0.265s] DEBUG:colcon.colcon_core.package_identification:Package 'src/localization' with type 'ros.ament_python' and name 'localization'
[0.265s] Level 1:colcon.colcon_core.package_identification:_identify(src/my_turtlebot) by extensions ['ignore', 'ignore_ament_install']
[0.265s] Level 1:colcon.colcon_core.package_identification:_identify(src/my_turtlebot) by extension 'ignore'
[0.265s] Level 1:colcon.colcon_core.package_identification:_identify(src/my_turtlebot) by extension 'ignore_ament_install'
[0.265s] Level 1:colcon.colcon_core.package_identification:_identify(src/my_turtlebot) by extensions ['colcon_pkg']
[0.265s] Level 1:colcon.colcon_core.package_identification:_identify(src/my_turtlebot) by extension 'colcon_pkg'
[0.265s] Level 1:colcon.colcon_core.package_identification:_identify(src/my_turtlebot) by extensions ['colcon_meta']
[0.265s] Level 1:colcon.colcon_core.package_identification:_identify(src/my_turtlebot) by extension 'colcon_meta'
[0.265s] Level 1:colcon.colcon_core.package_identification:_identify(src/my_turtlebot) by extensions ['ros']
[0.265s] Level 1:colcon.colcon_core.package_identification:_identify(src/my_turtlebot) by extension 'ros'
[0.265s] DEBUG:colcon.colcon_core.package_identification:Package 'src/my_turtlebot' with type 'ros.ament_python' and name 'my_turtlebot'
[0.266s] Level 1:colcon.colcon_core.package_discovery:discover_packages(recursive) using defaults
[0.266s] Level 1:colcon.colcon_core.package_discovery:discover_packages(ignore) discover
[0.266s] Level 1:colcon.colcon_core.package_discovery:discover_packages(ignore) using defaults
[0.266s] Level 1:colcon.colcon_core.package_discovery:discover_packages(path) discover
[0.266s] Level 1:colcon.colcon_core.package_discovery:discover_packages(path) using defaults
[0.281s] Level 1:colcon.colcon_core.package_discovery:discover_packages(prefix_path) check parameters
[0.281s] Level 1:colcon.colcon_core.package_discovery:discover_packages(prefix_path) discover
[0.282s] DEBUG:colcon.colcon_installed_package_information.package_discovery:Found 2 installed packages in /home/chinmay/Desktop/RobotAutonomy/install
[0.284s] DEBUG:colcon.colcon_installed_package_information.package_discovery:Found 418 installed packages in /opt/ros/humble
[0.286s] Level 1:colcon.colcon_core.package_discovery:discover_packages(prefix_path) using defaults
[0.336s] Level 5:colcon.colcon_core.verb:set package 'localization' build argument 'cmake_args' from command line to 'None'
[0.337s] Level 5:colcon.colcon_core.verb:set package 'localization' build argument 'cmake_target' from command line to 'None'
[0.337s] Level 5:colcon.colcon_core.verb:set package 'localization' build argument 'cmake_target_skip_unavailable' from command line to 'False'
[0.337s] Level 5:colcon.colcon_core.verb:set package 'localization' build argument 'cmake_clean_cache' from command line to 'False'
[0.337s] Level 5:colcon.colcon_core.verb:set package 'localization' build argument 'cmake_clean_first' from command line to 'False'
[0.337s] Level 5:colcon.colcon_core.verb:set package 'localization' build argument 'cmake_force_configure' from command line to 'False'
[0.337s] Level 5:colcon.colcon_core.verb:set package 'localization' build argument 'ament_cmake_args' from command line to 'None'
[0.337s] Level 5:colcon.colcon_core.verb:set package 'localization' build argument 'catkin_cmake_args' from command line to 'None'
[0.337s] Level 5:colcon.colcon_core.verb:set package 'localization' build argument 'catkin_skip_building_tests' from command line to 'False'
[0.337s] DEBUG:colcon.colcon_core.verb:Building package 'localization' with the following arguments: {'ament_cmake_args': None, 'build_base': '/home/chinmay/Desktop/RobotAutonomy/build/localization', 'catkin_cmake_args': None, 'catkin_skip_building_tests': False, 'cmake_args': None, 'cmake_clean_cache': False, 'cmake_clean_first': False, 'cmake_force_configure': False, 'cmake_target': None, 'cmake_target_skip_unavailable': False, 'install_base': '/home/chinmay/Desktop/RobotAutonomy/install/localization', 'merge_install': False, 'path': '/home/chinmay/Desktop/RobotAutonomy/src/localization', 'symlink_install': False, 'test_result_base': None}
[0.337s] Level 5:colcon.colcon_core.verb:set package 'my_turtlebot' build argument 'cmake_args' from command line to 'None'
[0.337s] Level 5:colcon.colcon_core.verb:set package 'my_turtlebot' build argument 'cmake_target' from command line to 'None'
[0.337s] Level 5:colcon.colcon_core.verb:set package 'my_turtlebot' build argument 'cmake_target_skip_unavailable' from command line to 'False'
[0.337s] Level 5:colcon.colcon_core.verb:set package 'my_turtlebot' build argument 'cmake_clean_cache' from command line to 'False'
[0.337s] Level 5:colcon.colcon_core.verb:set package 'my_turtlebot' build argument 'cmake_clean_first' from command line to 'False'
[0.337s] Level 5:colcon.colcon_core.verb:set package 'my_turtlebot' build argument 'cmake_force_configure' from command line to 'False'
[0.337s] Level 5:colcon.colcon_core.verb:set package 'my_turtlebot' build argument 'ament_cmake_args' from command line to 'None'
[0.337s] Level 5:colcon.colcon_core.verb:set package 'my_turtlebot' build argument 'catkin_cmake_args' from command line to 'None'
[0.337s] Level 5:colcon.colcon_core.verb:set package 'my_turtlebot' build argument 'catkin_skip_building_tests' from command line to 'False'
[0.337s] DEBUG:colcon.colcon_core.verb:Building package 'my_turtlebot' with the following arguments: {'ament_cmake_args': None, 'build_base': '/home/chinmay/Desktop/RobotAutonomy/build/my_turtlebot', 'catkin_cmake_args': None, 'catkin_skip_building_tests': False, 'cmake_args': None, 'cmake_clean_cache': False, 'cmake_clean_first': False, 'cmake_force_configure': False, 'cmake_target': None, 'cmake_target_skip_unavailable': False, 'install_base': '/home/chinmay/Desktop/RobotAutonomy/install/my_turtlebot', 'merge_install': False, 'path': '/home/chinmay/Desktop/RobotAutonomy/src/my_turtlebot', 'symlink_install': False, 'test_result_base': None}
[0.338s] INFO:colcon.colcon_core.executor:Executing jobs using 'parallel' executor
[0.339s] DEBUG:colcon.colcon_parallel_executor.executor.parallel:run_until_complete
[0.339s] INFO:colcon.colcon_ros.task.ament_python.build:Building ROS package in '/home/chinmay/Desktop/RobotAutonomy/src/localization' with build type 'ament_python'
[0.339s] Level 1:colcon.colcon_core.shell:create_environment_hook('localization', 'ament_prefix_path')
[0.341s] INFO:colcon.colcon_core.plugin_system:Skipping extension 'colcon_core.shell.bat': Not used on non-Windows systems
[0.341s] INFO:colcon.colcon_core.shell:Creating environment hook '/home/chinmay/Desktop/RobotAutonomy/install/localization/share/localization/hook/ament_prefix_path.ps1'
[0.342s] INFO:colcon.colcon_core.shell:Creating environment descriptor '/home/chinmay/Desktop/RobotAutonomy/install/localization/share/localization/hook/ament_prefix_path.dsv'
[0.342s] INFO:colcon.colcon_core.shell:Creating environment hook '/home/chinmay/Desktop/RobotAutonomy/install/localization/share/localization/hook/ament_prefix_path.sh'
[0.343s] INFO:colcon.colcon_core.shell:Skip shell extension 'powershell' for command environment: Not usable outside of PowerShell
[0.343s] DEBUG:colcon.colcon_core.shell:Skip shell extension 'dsv' for command environment
[0.346s] INFO:colcon.colcon_ros.task.ament_python.build:Building ROS package in '/home/chinmay/Desktop/RobotAutonomy/src/my_turtlebot' with build type 'ament_python'
[0.346s] Level 1:colcon.colcon_core.shell:create_environment_hook('my_turtlebot', 'ament_prefix_path')
[0.346s] INFO:colcon.colcon_core.shell:Creating environment hook '/home/chinmay/Desktop/RobotAutonomy/install/my_turtlebot/share/my_turtlebot/hook/ament_prefix_path.ps1'
[0.346s] INFO:colcon.colcon_core.shell:Creating environment descriptor '/home/chinmay/Desktop/RobotAutonomy/install/my_turtlebot/share/my_turtlebot/hook/ament_prefix_path.dsv'
[0.346s] INFO:colcon.colcon_core.shell:Creating environment hook '/home/chinmay/Desktop/RobotAutonomy/install/my_turtlebot/share/my_turtlebot/hook/ament_prefix_path.sh'
[0.347s] INFO:colcon.colcon_core.shell:Skip shell extension 'powershell' for command environment: Not usable outside of PowerShell
[0.347s] DEBUG:colcon.colcon_core.shell:Skip shell extension 'dsv' for command environment
[0.566s] INFO:colcon.colcon_core.task.python.build:Building Python package in '/home/chinmay/Desktop/RobotAutonomy/src/localization'
[0.566s] INFO:colcon.colcon_core.shell:Skip shell extension 'powershell' for command environment: Not usable outside of PowerShell
[0.566s] DEBUG:colcon.colcon_core.shell:Skip shell extension 'dsv' for command environment
[0.798s] INFO:colcon.colcon_core.task.python.build:Building Python package in '/home/chinmay/Desktop/RobotAutonomy/src/my_turtlebot'
[0.798s] INFO:colcon.colcon_core.shell:Skip shell extension 'powershell' for command environment: Not usable outside of PowerShell
[0.798s] DEBUG:colcon.colcon_core.shell:Skip shell extension 'dsv' for command environment
[1.113s] DEBUG:colcon.colcon_core.event_handler.log_command:Invoking command in '/home/chinmay/Desktop/RobotAutonomy/src/localization': PYTHONPATH=/home/chinmay/Desktop/RobotAutonomy/build/localization/prefix_override:/home/chinmay/Desktop/RobotAutonomy/install/localization/lib/python3.10/site-packages:${PYTHONPATH} /usr/bin/python3 -W ignore:setup.py install is deprecated setup.py egg_info --egg-base ../../build/localization build --build-base /home/chinmay/Desktop/RobotAutonomy/build/localization/build install --record /home/chinmay/Desktop/RobotAutonomy/build/localization/install.log --single-version-externally-managed install_data
[1.134s] DEBUG:colcon.colcon_core.event_handler.log_command:Invoking command in '/home/chinmay/Desktop/RobotAutonomy/src/my_turtlebot': PYTHONPATH=/home/chinmay/Desktop/RobotAutonomy/build/my_turtlebot/prefix_override:/home/chinmay/Desktop/RobotAutonomy/install/my_turtlebot/lib/python3.10/site-packages:${PYTHONPATH} /usr/bin/python3 -W ignore:setup.py install is deprecated setup.py egg_info --egg-base ../../build/my_turtlebot build --build-base /home/chinmay/Desktop/RobotAutonomy/build/my_turtlebot/build install --record /home/chinmay/Desktop/RobotAutonomy/build/my_turtlebot/install.log --single-version-externally-managed install_data
[1.376s] DEBUG:colcon.colcon_core.event_handler.log_command:Invoked command in '/home/chinmay/Desktop/RobotAutonomy/src/localization' returned '0': PYTHONPATH=/home/chinmay/Desktop/RobotAutonomy/build/localization/prefix_override:/home/chinmay/Desktop/RobotAutonomy/install/localization/lib/python3.10/site-packages:${PYTHONPATH} /usr/bin/python3 -W ignore:setup.py install is deprecated setup.py egg_info --egg-base ../../build/localization build --build-base /home/chinmay/Desktop/RobotAutonomy/build/localization/build install --record /home/chinmay/Desktop/RobotAutonomy/build/localization/install.log --single-version-externally-managed install_data
[1.379s] Level 1:colcon.colcon_core.environment:checking '/home/chinmay/Desktop/RobotAutonomy/install/localization' for CMake module files
[1.379s] Level 1:colcon.colcon_core.environment:checking '/home/chinmay/Desktop/RobotAutonomy/install/localization' for CMake config files
[1.380s] Level 1:colcon.colcon_core.environment:checking '/home/chinmay/Desktop/RobotAutonomy/install/localization/lib'
[1.380s] Level 1:colcon.colcon_core.environment:checking '/home/chinmay/Desktop/RobotAutonomy/install/localization/bin'
[1.380s] Level 1:colcon.colcon_core.environment:checking '/home/chinmay/Desktop/RobotAutonomy/install/localization/lib/pkgconfig/localization.pc'
[1.381s] Level 1:colcon.colcon_core.environment:checking '/home/chinmay/Desktop/RobotAutonomy/install/localization/lib/python3.10/site-packages'
[1.381s] Level 1:colcon.colcon_core.shell:create_environment_hook('localization', 'pythonpath')
[1.381s] INFO:colcon.colcon_core.shell:Creating environment hook '/home/chinmay/Desktop/RobotAutonomy/install/localization/share/localization/hook/pythonpath.ps1'
[1.381s] INFO:colcon.colcon_core.shell:Creating environment descriptor '/home/chinmay/Desktop/RobotAutonomy/install/localization/share/localization/hook/pythonpath.dsv'
[1.382s] INFO:colcon.colcon_core.shell:Creating environment hook '/home/chinmay/Desktop/RobotAutonomy/install/localization/share/localization/hook/pythonpath.sh'
[1.382s] Level 1:colcon.colcon_core.environment:checking '/home/chinmay/Desktop/RobotAutonomy/install/localization/bin'
[1.382s] Level 1:colcon.colcon_core.environment:create_environment_scripts_only(localization)
[1.382s] INFO:colcon.colcon_core.shell:Creating package script '/home/chinmay/Desktop/RobotAutonomy/install/localization/share/localization/package.ps1'
[1.383s] INFO:colcon.colcon_core.shell:Creating package descriptor '/home/chinmay/Desktop/RobotAutonomy/install/localization/share/localization/package.dsv'
[1.383s] INFO:colcon.colcon_core.shell:Creating package script '/home/chinmay/Desktop/RobotAutonomy/install/localization/share/localization/package.sh'
[1.384s] INFO:colcon.colcon_core.shell:Creating package script '/home/chinmay/Desktop/RobotAutonomy/install/localization/share/localization/package.bash'
[1.384s] INFO:colcon.colcon_core.shell:Creating package script '/home/chinmay/Desktop/RobotAutonomy/install/localization/share/localization/package.zsh'
[1.385s] Level 1:colcon.colcon_core.environment:create_file_with_runtime_dependencies(/home/chinmay/Desktop/RobotAutonomy/install/localization/share/colcon-core/packages/localization)
[1.405s] Level 1:colcon.colcon_core.environment:checking '/home/chinmay/Desktop/RobotAutonomy/install/my_turtlebot' for CMake module files
[1.405s] DEBUG:colcon.colcon_core.event_handler.log_command:Invoked command in '/home/chinmay/Desktop/RobotAutonomy/src/my_turtlebot' returned '0': PYTHONPATH=/home/chinmay/Desktop/RobotAutonomy/build/my_turtlebot/prefix_override:/home/chinmay/Desktop/RobotAutonomy/install/my_turtlebot/lib/python3.10/site-packages:${PYTHONPATH} /usr/bin/python3 -W ignore:setup.py install is deprecated setup.py egg_info --egg-base ../../build/my_turtlebot build --build-base /home/chinmay/Desktop/RobotAutonomy/build/my_turtlebot/build install --record /home/chinmay/Desktop/RobotAutonomy/build/my_turtlebot/install.log --single-version-externally-managed install_data
[1.405s] Level 1:colcon.colcon_core.environment:checking '/home/chinmay/Desktop/RobotAutonomy/install/my_turtlebot' for CMake config files
[1.407s] Level 1:colcon.colcon_core.environment:checking '/home/chinmay/Desktop/RobotAutonomy/install/my_turtlebot/lib'
[1.407s] Level 1:colcon.colcon_core.environment:checking '/home/chinmay/Desktop/RobotAutonomy/install/my_turtlebot/bin'
[1.407s] Level 1:colcon.colcon_core.environment:checking '/home/chinmay/Desktop/RobotAutonomy/install/my_turtlebot/lib/pkgconfig/my_turtlebot.pc'
[1.407s] Level 1:colcon.colcon_core.environment:checking '/home/chinmay/Desktop/RobotAutonomy/install/my_turtlebot/lib/python3.10/site-packages'
[1.407s] Level 1:colcon.colcon_core.shell:create_environment_hook('my_turtlebot', 'pythonpath')
[1.408s] INFO:colcon.colcon_core.shell:Creating environment hook '/home/chinmay/Desktop/RobotAutonomy/install/my_turtlebot/share/my_turtlebot/hook/pythonpath.ps1'
[1.408s] INFO:colcon.colcon_core.shell:Creating environment descriptor '/home/chinmay/Desktop/RobotAutonomy/install/my_turtlebot/share/my_turtlebot/hook/pythonpath.dsv'
[1.408s] INFO:colcon.colcon_core.shell:Creating environment hook '/home/chinmay/Desktop/RobotAutonomy/install/my_turtlebot/share/my_turtlebot/hook/pythonpath.sh'
[1.409s] Level 1:colcon.colcon_core.environment:checking '/home/chinmay/Desktop/RobotAutonomy/install/my_turtlebot/bin'
[1.409s] Level 1:colcon.colcon_core.environment:create_environment_scripts_only(my_turtlebot)
[1.409s] INFO:colcon.colcon_core.shell:Creating package script '/home/chinmay/Desktop/RobotAutonomy/install/my_turtlebot/share/my_turtlebot/package.ps1'
[1.409s] INFO:colcon.colcon_core.shell:Creating package descriptor '/home/chinmay/Desktop/RobotAutonomy/install/my_turtlebot/share/my_turtlebot/package.dsv'
[1.410s] INFO:colcon.colcon_core.shell:Creating package script '/home/chinmay/Desktop/RobotAutonomy/install/my_turtlebot/share/my_turtlebot/package.sh'
[1.410s] INFO:colcon.colcon_core.shell:Creating package script '/home/chinmay/Desktop/RobotAutonomy/install/my_turtlebot/share/my_turtlebot/package.bash'
[1.410s] INFO:colcon.colcon_core.shell:Creating package script '/home/chinmay/Desktop/RobotAutonomy/install/my_turtlebot/share/my_turtlebot/package.zsh'
[1.410s] Level 1:colcon.colcon_core.environment:create_file_with_runtime_dependencies(/home/chinmay/Desktop/RobotAutonomy/install/my_turtlebot/share/colcon-core/packages/my_turtlebot)
[1.411s] DEBUG:colcon.colcon_parallel_executor.executor.parallel:closing loop
[1.411s] DEBUG:colcon.colcon_parallel_executor.executor.parallel:loop closed
[1.411s] DEBUG:colcon.colcon_parallel_executor.executor.parallel:run_until_complete finished with '0'
[1.411s] DEBUG:colcon.colcon_core.event_reactor:joining thread
[1.416s] INFO:colcon.colcon_core.plugin_system:Skipping extension 'colcon_notification.desktop_notification.terminal_notifier': Not used on non-Darwin systems
[1.416s] INFO:colcon.colcon_core.plugin_system:Skipping extension 'colcon_notification.desktop_notification.win32': Not used on non-Windows systems
[1.416s] INFO:colcon.colcon_notification.desktop_notification:Sending desktop notification using 'notify2'
[1.425s] DEBUG:colcon.colcon_core.event_reactor:joined thread
[1.425s] INFO:colcon.colcon_core.shell:Creating prefix script '/home/chinmay/Desktop/RobotAutonomy/install/local_setup.ps1'
[1.426s] INFO:colcon.colcon_core.shell:Creating prefix util module '/home/chinmay/Desktop/RobotAutonomy/install/_local_setup_util_ps1.py'
[1.427s] INFO:colcon.colcon_core.shell:Creating prefix chain script '/home/chinmay/Desktop/RobotAutonomy/install/setup.ps1'
[1.428s] INFO:colcon.colcon_core.shell:Creating prefix script '/home/chinmay/Desktop/RobotAutonomy/install/local_setup.sh'
[1.428s] INFO:colcon.colcon_core.shell:Creating prefix util module '/home/chinmay/Desktop/RobotAutonomy/install/_local_setup_util_sh.py'
[1.428s] INFO:colcon.colcon_core.shell:Creating prefix chain script '/home/chinmay/Desktop/RobotAutonomy/install/setup.sh'
[1.429s] INFO:colcon.colcon_core.shell:Creating prefix script '/home/chinmay/Desktop/RobotAutonomy/install/local_setup.bash'
[1.430s] INFO:colcon.colcon_core.shell:Creating prefix chain script '/home/chinmay/Desktop/RobotAutonomy/install/setup.bash'
[1.430s] INFO:colcon.colcon_core.shell:Creating prefix script '/home/chinmay/Desktop/RobotAutonomy/install/local_setup.zsh'
[1.431s] INFO:colcon.colcon_core.shell:Creating prefix chain script '/home/chinmay/Desktop/RobotAutonomy/install/setup.zsh'
