[0.497s] Invoking command in '/home/chinmay/Desktop/RobotAutonomy/src/localization': PYTHONPATH=/home/chinmay/Desktop/RobotAutonomy/build/localization/prefix_override:/home/chinmay/Desktop/RobotAutonomy/install/localization/lib/python3.10/site-packages:${PYTHONPATH} /usr/bin/python3 -W ignore:setup.py install is deprecated setup.py egg_info --egg-base ../../build/localization build --build-base /home/chinmay/Desktop/RobotAutonomy/build/localization/build install --record /home/chinmay/Desktop/RobotAutonomy/build/localization/install.log --single-version-externally-managed install_data
[0.692s] running egg_info
[0.692s] writing ../../build/localization/localization.egg-info/PKG-INFO
[0.692s] writing dependency_links to ../../build/localization/localization.egg-info/dependency_links.txt
[0.693s] writing entry points to ../../build/localization/localization.egg-info/entry_points.txt
[0.693s] writing requirements to ../../build/localization/localization.egg-info/requires.txt
[0.693s] writing top-level names to ../../build/localization/localization.egg-info/top_level.txt
[0.694s] reading manifest file '../../build/localization/localization.egg-info/SOURCES.txt'
[0.700s] writing manifest file '../../build/localization/localization.egg-info/SOURCES.txt'
[0.700s] running build
[0.700s] running build_py
[0.700s] copying localization/enhanced_odometry.py -> /home/chinmay/Desktop/RobotAutonomy/build/localization/build/lib/localization
[0.701s] running install
[0.701s] running install_lib
[0.701s] copying /home/chinmay/Desktop/RobotAutonomy/build/localization/build/lib/localization/enhanced_odometry.py -> /home/chinmay/Desktop/RobotAutonomy/install/localization/lib/python3.10/site-packages/localization
[0.702s] byte-compiling /home/chinmay/Desktop/RobotAutonomy/install/localization/lib/python3.10/site-packages/localization/enhanced_odometry.py to enhanced_odometry.cpython-310.pyc
[0.703s] running install_data
[0.703s] running install_egg_info
[0.704s] removing '/home/chinmay/Desktop/RobotAutonomy/install/localization/lib/python3.10/site-packages/localization-0.0.0-py3.10.egg-info' (and everything under it)
[0.705s] Copying ../../build/localization/localization.egg-info to /home/chinmay/Desktop/RobotAutonomy/install/localization/lib/python3.10/site-packages/localization-0.0.0-py3.10.egg-info
[0.705s] running install_scripts
[0.720s] Installing fused_odom script to /home/chinmay/Desktop/RobotAutonomy/install/localization/lib/localization
[0.720s] Installing odometry_node script to /home/chinmay/Desktop/RobotAutonomy/install/localization/lib/localization
[0.721s] writing list of installed files to '/home/chinmay/Desktop/RobotAutonomy/build/localization/install.log'
[0.741s] Invoked command in '/home/chinmay/Desktop/RobotAutonomy/src/localization' returned '0': PYTHONPATH=/home/chinmay/Desktop/RobotAutonomy/build/localization/prefix_override:/home/chinmay/Desktop/RobotAutonomy/install/localization/lib/python3.10/site-packages:${PYTHONPATH} /usr/bin/python3 -W ignore:setup.py install is deprecated setup.py egg_info --egg-base ../../build/localization build --build-base /home/chinmay/Desktop/RobotAutonomy/build/localization/build install --record /home/chinmay/Desktop/RobotAutonomy/build/localization/install.log --single-version-externally-managed install_data
